current directory: /home/runner/work/R-api/R-api/.vendor/bundle/ruby/2.7.0/gems/http_parser.rb-0.8.0/ext/ruby_http_parser
/opt/hostedtoolcache/Ruby/2.7.6/x64/bin/ruby -I /opt/hostedtoolcache/Ruby/2.7.6/x64/lib/ruby/2.7.0 -r ./siteconf20220602-9948-g4sox2.rb extconf.rb
creating Makefile

current directory: /home/runner/work/R-api/R-api/.vendor/bundle/ruby/2.7.0/gems/http_parser.rb-0.8.0/ext/ruby_http_parser
make "DESTDIR=" clean
make[1]: Entering directory '/home/runner/work/R-api/R-api/.vendor/bundle/ruby/2.7.0/gems/http_parser.rb-0.8.0/ext/ruby_http_parser'
Makefile:175: warning: overriding recipe for target 'clean'
ðþÿò‰U:175: warning: ignoring old recipe for target 'clean'
Makefile:182: warning: overriding recipe for target 'distclean'
ðþÿò‰U:182: warning: ignoring old recipe for target 'distclean'
Makefile:190: warning: overriding recipe for target 'install-so'
ðþÿò‰U:190: warning: ignoring old recipe for target 'install-so'
Makefile:200: warning: overriding recipe for target 'pre-install-rb-default'
ðþÿò‰U:200: warning: ignoring old recipe for target 'pre-install-rb-default'
Makefile:202: warning: overriding recipe for target '.sitearchdir.time'
ðþÿò‰U:202: warning: ignoring old recipe for target '.sitearchdir.time'
Makefile:212: warning: overriding recipe for target '.cc.o'
ðþÿò‰U:212: warning: ignoring old recipe for target '.cc.o'
Makefile:216: warning: overriding recipe for target '.cc.S'
ðþÿò‰U:216: warning: ignoring old recipe for target '.cc.S'
Makefile:220: warning: overriding recipe for target '.mm.o'
ðþÿò‰U:220: warning: ignoring old recipe for target '.mm.o'
Makefile:224: warning: overriding recipe for target '.mm.S'
ðþÿò‰U:224: warning: ignoring old recipe for target '.mm.S'
Makefile:228: warning: overriding recipe for target '.cxx.o'
ðþÿò‰U:228: warning: ignoring old recipe for target '.cxx.o'
Makefile:232: warning: overriding recipe for target '.cxx.S'
ðþÿò‰U:232: warning: ignoring old recipe for target '.cxx.S'
Makefile:236: warning: overriding recipe for target '.cpp.o'
ðþÿò‰U:236: warning: ignoring old recipe for target '.cpp.o'
Makefile:240: warning: overriding recipe for target '.cpp.S'
ðþÿò‰U:240: warning: ignoring old recipe for target '.cpp.S'
Makefile:244: warning: overriding recipe for target '.c.o'
ðþÿò‰U:244: warning: ignoring old recipe for target '.c.o'
Makefile:248: warning: overriding recipe for target '.c.S'
ðþÿò‰U:248: warning: ignoring old recipe for target '.c.S'
Makefile:252: warning: overriding recipe for target '.m.o'
ðþÿò‰U:252: warning: ignoring old recipe for target '.m.o'
Makefile:256: warning: overriding recipe for target '.m.S'
ðþÿò‰U:256: warning: ignoring old recipe for target '.m.S'
Makefile:260: warning: overriding recipe for target 'ruby_http_parser.so'
ðþÿò‰U:260: warning: ignoring old recipe for target 'ruby_http_parser.so'
make[1]: Leaving directory '/home/runner/work/R-api/R-api/.vendor/bundle/ruby/2.7.0/gems/http_parser.rb-0.8.0/ext/ruby_http_parser'

current directory: /home/runner/work/R-api/R-api/.vendor/bundle/ruby/2.7.0/gems/http_parser.rb-0.8.0/ext/ruby_http_parser
make "DESTDIR="
make[1]: Entering directory '/home/runner/work/R-api/R-api/.vendor/bundle/ruby/2.7.0/gems/http_parser.rb-0.8.0/ext/ruby_http_parser'
Makefile:175: warning: overriding recipe for target 'clean'
ðn™¾ÜU:175: warning: ignoring old recipe for target 'clean'
Makefile:182: warning: overriding recipe for target 'distclean'
ðn™¾ÜU:182: warning: ignoring old recipe for target 'distclean'
Makefile:190: warning: overriding recipe for target 'install-so'
ðn™¾ÜU:190: warning: ignoring old recipe for target 'install-so'
Makefile:200: warning: overriding recipe for target 'pre-install-rb-default'
ðn™¾ÜU:200: warning: ignoring old recipe for target 'pre-install-rb-default'
Makefile:202: warning: overriding recipe for target '.sitearchdir.time'
ðn™¾ÜU:202: warning: ignoring old recipe for target '.sitearchdir.time'
Makefile:212: warning: overriding recipe for target '.cc.o'
ðn™¾ÜU:212: warning: ignoring old recipe for target '.cc.o'
Makefile:216: warning: overriding recipe for target '.cc.S'
ðn™¾ÜU:216: warning: ignoring old recipe for target '.cc.S'
Makefile:220: warning: overriding recipe for target '.mm.o'
ðn™¾ÜU:220: warning: ignoring old recipe for target '.mm.o'
Makefile:224: warning: overriding recipe for target '.mm.S'
ðn™¾ÜU:224: warning: ignoring old recipe for target '.mm.S'
Makefile:228: warning: overriding recipe for target '.cxx.o'
ðn™¾ÜU:228: warning: ignoring old recipe for target '.cxx.o'
Makefile:232: warning: overriding recipe for target '.cxx.S'
ðn™¾ÜU:232: warning: ignoring old recipe for target '.cxx.S'
Makefile:236: warning: overriding recipe for target '.cpp.o'
ðn™¾ÜU:236: warning: ignoring old recipe for target '.cpp.o'
Makefile:240: warning: overriding recipe for target '.cpp.S'
ðn™¾ÜU:240: warning: ignoring old recipe for target '.cpp.S'
Makefile:244: warning: overriding recipe for target '.c.o'
ðn™¾ÜU:244: warning: ignoring old recipe for target '.c.o'
Makefile:248: warning: overriding recipe for target '.c.S'
ðn™¾ÜU:248: warning: ignoring old recipe for target '.c.S'
Makefile:252: warning: overriding recipe for target '.m.o'
ðn™¾ÜU:252: warning: ignoring old recipe for target '.m.o'
Makefile:256: warning: overriding recipe for target '.m.S'
ðn™¾ÜU:256: warning: ignoring old recipe for target '.m.S'
Makefile:260: warning: overriding recipe for target 'ruby_http_parser.so'
ðn™¾ÜU:260: warning: ignoring old recipe for target 'ruby_http_parser.so'
compiling ruby_http_parser.c
compiling ryah_http_parser.c
linking shared-object ruby_http_parser.so
make[1]: Leaving directory '/home/runner/work/R-api/R-api/.vendor/bundle/ruby/2.7.0/gems/http_parser.rb-0.8.0/ext/ruby_http_parser'

current directory: /home/runner/work/R-api/R-api/.vendor/bundle/ruby/2.7.0/gems/http_parser.rb-0.8.0/ext/ruby_http_parser
make "DESTDIR=" install
make[1]: Entering directory '/home/runner/work/R-api/R-api/.vendor/bundle/ruby/2.7.0/gems/http_parser.rb-0.8.0/ext/ruby_http_parser'
Makefile:175: warning: overriding recipe for target 'clean'
ð^QùvU:175: warning: ignoring old recipe for target 'clean'
Makefile:182: warning: overriding recipe for target 'distclean'
ð^QùvU:182: warning: ignoring old recipe for target 'distclean'
Makefile:190: warning: overriding recipe for target 'install-so'
ð^QùvU:190: warning: ignoring old recipe for target 'install-so'
Makefile:200: warning: overriding recipe for target 'pre-install-rb-default'
ð^QùvU:200: warning: ignoring old recipe for target 'pre-install-rb-default'
Makefile:202: warning: overriding recipe for target '.sitearchdir.time'
ð^QùvU:202: warning: ignoring old recipe for target '.sitearchdir.time'
Makefile:212: warning: overriding recipe for target '.cc.o'
ð^QùvU:212: warning: ignoring old recipe for target '.cc.o'
Makefile:216: warning: overriding recipe for target '.cc.S'
ð^QùvU:216: warning: ignoring old recipe for target '.cc.S'
Makefile:220: warning: overriding recipe for target '.mm.o'
ð^QùvU:220: warning: ignoring old recipe for target '.mm.o'
Makefile:224: warning: overriding recipe for target '.mm.S'
ð^QùvU:224: warning: ignoring old recipe for target '.mm.S'
Makefile:228: warning: overriding recipe for target '.cxx.o'
ð^QùvU:228: warning: ignoring old recipe for target '.cxx.o'
Makefile:232: warning: overriding recipe for target '.cxx.S'
ð^QùvU:232: warning: ignoring old recipe for target '.cxx.S'
Makefile:236: warning: overriding recipe for target '.cpp.o'
ð^QùvU:236: warning: ignoring old recipe for target '.cpp.o'
Makefile:240: warning: overriding recipe for target '.cpp.S'
ð^QùvU:240: warning: ignoring old recipe for target '.cpp.S'
Makefile:244: warning: overriding recipe for target '.c.o'
ð^QùvU:244: warning: ignoring old recipe for target '.c.o'
Makefile:248: warning: overriding recipe for target '.c.S'
ð^QùvU:248: warning: ignoring old recipe for target '.c.S'
Makefile:252: warning: overriding recipe for target '.m.o'
ð^QùvU:252: warning: ignoring old recipe for target '.m.o'
Makefile:256: warning: overriding recipe for target '.m.S'
ð^QùvU:256: warning: ignoring old recipe for target '.m.S'
Makefile:260: warning: overriding recipe for target 'ruby_http_parser.so'
ð^QùvU:260: warning: ignoring old recipe for target 'ruby_http_parser.so'
/usr/bin/install -c -m 0755 ruby_http_parser.so ./.gem.20220602-9948-11uzc71
make[1]: Leaving directory '/home/runner/work/R-api/R-api/.vendor/bundle/ruby/2.7.0/gems/http_parser.rb-0.8.0/ext/ruby_http_parser'
